INFO    : Since no target was supplied, we will use "web".

INFO    : Now preparing local server to preview your project directory `/home/david/complex/ptx/complex`.
INFO    :   (Reminder: use `pretext deploy` to deploy your built project to a public
INFO    :   GitHub Pages site that can be shared with readers who cannot access your
INFO    :   personal computer.)
INFO    : 
INFO    : starting server ...
INFO    : setting up ...
INFO    : values set...
WARNING : Port 8128 could not be used.
WARNING : Trying port 8129 instead.

WARNING : Port 8129 could not be used.
WARNING : Trying port 8130 instead.

WARNING : Port 8130 could not be used.
WARNING : Trying port 8131 instead.

INFO    : adding server entry
INFO    : Added server entry 130bc53392 1121862 8131 localhost

INFO    : Starting the server
INFO    : Server will soon be available at http://localhost:8131
INFO    : Opening browser for target `web` at http://localhost:8131/output/web
