INFO    : Building target web
INFO    : Preparing to build into /home/david/complex/ptx/complex/output/web.
INFO    : XSL conversion of /home/david/complex/ptx/complex/source/main.ptx by /home/david/.ptx/2.12.0/core/xsl/utilities/report-publisher-variables.xsl
INFO    : successful application of /home/david/.ptx/2.12.0/core/xsl/utilities/report-publisher-variables.xsl
INFO    : discovering source file's directory name: /home/david/complex/ptx/complex/source
INFO    : verifying and expanding input directory: /home/david/complex/ptx/complex/source/../generated-assets
INFO    : input directory expanded to absolute path: /home/david/complex/ptx/complex/generated-assets
INFO    : verifying and expanding input directory: /home/david/complex/ptx/complex/source/../assets
INFO    : input directory expanded to absolute path: /home/david/complex/ptx/complex/assets
INFO    : Runestone Services via online CDN query: version 7.5.5
INFO    : Downloading Runestone Services, version 7.5.5
INFO    : Extracting Runestone Services from archive file
INFO    : converting /home/david/complex/ptx/complex/source/main.ptx to HTML in /tmp/ptx-r7wdvbr4
INFO    : XSL conversion of /home/david/complex/ptx/complex/source/main.ptx by /home/david/.ptx/2.12.0/core/xsl/pretext-html.xsl
INFO    : messages from the log for XSL processing:
INFO    : * PTX:INFO:   checking ONLY the last TWO YEARS of element deprecations.
Rerun with the string parameter "author.deprecations.all" set to "yes" to check your source against all deprecations.
ERROR   : * PTX:ERROR:   a cross-reference ("xref") uses references [ex_alg] that do not point to any target, or perhaps point to multiple targets.  Maybe you typed an @xml:id value wrong, maybe the target of the @xml:id is nonexistent, or maybe you temporarily removed the target from your source, or maybe an auxiliary file contains a duplicate.  Your output will contain some placeholder text that you will not want to distribute to your readers.
INFO    : *              located within: "sec_defalg" (xml:id), "Definitions and Algebraic Properties" (title)
ERROR   : * PTX:ERROR:   a cross-reference ("xref") uses references [fundthmalg] that do not point to any target, or perhaps point to multiple targets.  Maybe you typed an @xml:id value wrong, maybe the target of the @xml:id is nonexistent, or maybe you temporarily removed the target from your source, or maybe an auxiliary file contains a duplicate.  Your output will contain some placeholder text that you will not want to distribute to your readers.
INFO    : *              located within: "sec_defalg" (xml:id), "Definitions and Algebraic Properties" (title)
ERROR   : * PTX:ERROR:   a cross-reference ("xref") uses references [cachyconschapter] that do not point to any target, or perhaps point to multiple targets.  Maybe you typed an @xml:id value wrong, maybe the target of the @xml:id is nonexistent, or maybe you temporarily removed the target from your source, or maybe an auxiliary file contains a duplicate.  Your output will contain some placeholder text that you will not want to distribute to your readers.
INFO    : *              located within: "sec_defalg" (xml:id), "Definitions and Algebraic Properties" (title)
ERROR   : * PTX:ERROR:   a cross-reference ("xref") uses references [fundthmalg] that do not point to any target, or perhaps point to multiple targets.  Maybe you typed an @xml:id value wrong, maybe the target of the @xml:id is nonexistent, or maybe you temporarily removed the target from your source, or maybe an auxiliary file contains a duplicate.  Your output will contain some placeholder text that you will not want to distribute to your readers.
INFO    : *              located within: "sec_defalg" (xml:id), "Definitions and Algebraic Properties" (title)
INFO    : successful application of /home/david/.ptx/2.12.0/core/xsl/pretext-html.xsl
INFO    : Removing temporary directory /tmp/ptx-er7ax7t6
INFO    : Removing temporary directory /tmp/ptx-r7wdvbr4
INFO    : 
Success! Run `pretext view` to see the results.

INFO    : 
----------------------------------------------------
INFO    : While running pretext, the following errors occurred:

INFO    : (see log messages above or in the 'logs' folder for more information)
INFO    : ----------------------------------------------------
